<?xml version="1.0" encoding="UTF-8"?>
<!-- Generated by org.testng.reporters.JUnitReportReporter -->
<testsuite hostname="DESKTOP-GC7TFRH" failures="0" tests="4" name="imdbTest.Test_GetTop250MovieDetails" time="97.026" errors="0" timestamp="2020-07-27T00:37:33 IST" skipped="0">
  <testcase classname="imdbTest.Test_GetTop250MovieDetails" name="CreateFile" time="0.006"/>
  <testcase classname="imdbTest.Test_GetTop250MovieDetails" name="FetchData" time="84.297"/>
  <testcase classname="imdbTest.Test_GetTop250MovieDetails" name="GetURL" time="6.173"/>
  <testcase classname="imdbTest.Test_GetTop250MovieDetails" name="NavigateInIMDB" time="6.550"/>
</testsuite> <!-- imdbTest.Test_GetTop250MovieDetails -->
